./i2cm/i2cm_bit_ctrl.v
./i2cm/i2cm_sfifo.v
./i2cm/i2cm_byte_ctrl.v
./i2cm/i2cm_regfile.v
./i2cm/i2cm_top.v
./8051/alu.v
./8051/ccuport.v
./8051/clkctrl.v
./8051/cpu.v
./8051/isr.v
./8051/mdu.v
./8051/memctrl.v
./8051/pmu.v
./8051/ports.v
./8051/r80515.v
./8051/ramsfrctrl.v
./8051/serial0.v
./8051/serial1.v
./8051/timer2.v
./8051/timer.v
./8051/watchdog.v
./addr_dec.v
./arbiter.v
./cen_wen.v
./i2cs/i2cs_top.v
./i2cs/i2cs_serial.v
./mcu_reg_file.v
./mcu_top.v
./add_on.v
../bist/mcu_rom16k8_top.v
../bist/mcu_spram4k8_top.v
../bist/mcu_sprf256x8_top.v
../bist/rom_bist.v
../bist/rasp_bist.v
../bist/rfsp_bist.v

